2023-02-21 19:52:03 [INFO] [/opt/pve2prometheus/model/prometheus.go:62] PX
2023-02-21 19:52:03 [INFO] [/opt/pve2prometheus/model/prometheus.go:62] AIC
2023-02-21 19:52:04 [INFO] [/opt/pve2prometheus/model/prometheus.go:62] MC
2023-02-21 19:52:04 [INFO] [/opt/pve2prometheus/model/prometheus.go:62] CM
2023-02-21 19:52:04 [INFO] [/opt/pve2prometheus/model/prometheus.go:62] RA
2023-02-22 10:26:49 [INFO] [/opt/pve2prometheus/model/qemu.go:78] 初始化Qemu列表成功，共计Q条记录

2023-02-22 10:26:49 [INFO] [/opt/pve2prometheus/model/prometheus.go:62] PX
2023-02-22 10:26:49 [INFO] [/opt/pve2prometheus/model/prometheus.go:62] AIC
2023-02-22 10:26:49 [INFO] [/opt/pve2prometheus/model/prometheus.go:62] MC
2023-02-22 10:26:49 [INFO] [/opt/pve2prometheus/model/prometheus.go:62] CM
2023-02-22 10:26:49 [INFO] [/opt/pve2prometheus/model/prometheus.go:62] RA
2023-02-22 10:47:06 [INFO] [/opt/pve2prometheus/model/qemu.go:80] 初始化Qemu列表成功，共计81条记录

2023-02-22 10:47:06 [INFO] [/opt/pve2prometheus/model/prometheus.go:62] PX
2023-02-22 10:47:06 [INFO] [/opt/pve2prometheus/model/prometheus.go:62] AIC
2023-02-22 10:47:06 [INFO] [/opt/pve2prometheus/model/prometheus.go:62] MC
2023-02-22 10:47:06 [INFO] [/opt/pve2prometheus/model/prometheus.go:62] CM
2023-02-22 10:47:07 [INFO] [/opt/pve2prometheus/model/prometheus.go:62] RA
2023-02-22 11:26:31 [INFO] [/opt/pve2prometheus/model/qemu.go:78] 初始化Qemu列表成功，虚拟机数量：81台

2023-02-22 11:26:31 [INFO] [/opt/pve2prometheus/model/prometheus.go:63] PX
2023-02-22 11:26:31 [INFO] [/opt/pve2prometheus/model/prometheus.go:69] 正在生成json文件，部门：PX,AIC,MC,CM,RA,主机数量：27台

2023-02-22 11:26:31 [INFO] [/opt/pve2prometheus/model/prometheus.go:63] AIC
2023-02-22 11:26:31 [INFO] [/opt/pve2prometheus/model/prometheus.go:69] 正在生成json文件，部门：PX,AIC,MC,CM,RA,主机数量：48台

2023-02-22 11:26:32 [INFO] [/opt/pve2prometheus/model/prometheus.go:63] MC
2023-02-22 11:26:32 [INFO] [/opt/pve2prometheus/model/prometheus.go:69] 正在生成json文件，部门：PX,AIC,MC,CM,RA,主机数量：3台

2023-02-22 11:26:32 [INFO] [/opt/pve2prometheus/model/prometheus.go:63] CM
2023-02-22 11:26:32 [INFO] [/opt/pve2prometheus/model/prometheus.go:69] 正在生成json文件，部门：PX,AIC,MC,CM,RA,主机数量：1台

2023-02-22 11:26:32 [INFO] [/opt/pve2prometheus/model/prometheus.go:63] RA
2023-02-22 11:26:32 [INFO] [/opt/pve2prometheus/model/prometheus.go:69] 正在生成json文件，部门：PX,AIC,MC,CM,RA,主机数量：1台

2023-02-22 11:28:00 [INFO] [/opt/pve2prometheus/model/qemu.go:78] 初始化Qemu列表成功，虚拟机数量：81台

2023-02-22 11:28:00 [INFO] [/opt/pve2prometheus/model/prometheus.go:63] PX
2023-02-22 11:28:00 [INFO] [/opt/pve2prometheus/model/prometheus.go:69] 正在生成json文件，部门：IT系统及运维部,主机数量：27台

2023-02-22 11:28:00 [INFO] [/opt/pve2prometheus/model/prometheus.go:63] AIC
2023-02-22 11:28:00 [INFO] [/opt/pve2prometheus/model/prometheus.go:69] 正在生成json文件，部门：人工智能中心,主机数量：48台

2023-02-22 11:28:00 [INFO] [/opt/pve2prometheus/model/prometheus.go:63] MC
2023-02-22 11:28:00 [INFO] [/opt/pve2prometheus/model/prometheus.go:69] 正在生成json文件，部门：运动控制部,主机数量：3台

2023-02-22 11:28:00 [INFO] [/opt/pve2prometheus/model/prometheus.go:63] CM
2023-02-22 11:28:00 [INFO] [/opt/pve2prometheus/model/prometheus.go:69] 正在生成json文件，部门：整机工程部,主机数量：1台

2023-02-22 11:28:00 [INFO] [/opt/pve2prometheus/model/prometheus.go:63] RA
2023-02-22 11:28:00 [INFO] [/opt/pve2prometheus/model/prometheus.go:69] 正在生成json文件，部门：机械臂研发部,主机数量：1台

2023-02-22 11:29:07 [INFO] [/opt/pve2prometheus/model/qemu.go:78] 初始化Qemu列表成功，虚拟机数量：81台

2023-02-22 11:29:07 [INFO] [/opt/pve2prometheus/model/prometheus.go:63] PX
2023-02-22 11:29:07 [INFO] [/opt/pve2prometheus/model/prometheus.go:69] 正在生成json文件，部门：IT系统及运维部,主机数量：27台

2023-02-22 11:29:07 [INFO] [/opt/pve2prometheus/model/prometheus.go:63] AIC
2023-02-22 11:29:07 [INFO] [/opt/pve2prometheus/model/prometheus.go:69] 正在生成json文件，部门：人工智能中心,主机数量：48台

2023-02-22 11:29:07 [INFO] [/opt/pve2prometheus/model/prometheus.go:63] MC
2023-02-22 11:29:07 [INFO] [/opt/pve2prometheus/model/prometheus.go:69] 正在生成json文件，部门：运动控制部,主机数量：3台

2023-02-22 11:29:07 [INFO] [/opt/pve2prometheus/model/prometheus.go:63] CM
2023-02-22 11:29:07 [INFO] [/opt/pve2prometheus/model/prometheus.go:69] 正在生成json文件，部门：整机工程部,主机数量：1台

2023-02-22 11:29:07 [INFO] [/opt/pve2prometheus/model/prometheus.go:63] RA
2023-02-22 11:29:07 [INFO] [/opt/pve2prometheus/model/prometheus.go:69] 正在生成json文件，部门：机械臂研发部,主机数量：1台

2023-02-22 17:17:26 [INFO] [/opt/pve2prometheus/model/qemu.go:78] 初始化Qemu列表成功,虚拟机数量：81台
2023-02-22 17:17:26 [INFO] [/opt/pve2prometheus/model/prometheus.go:68] 正在生成json文件,部门：IT系统及运维部,主机数量：27台
2023-02-22 17:17:26 [INFO] [/opt/pve2prometheus/model/prometheus.go:73] 开始同步json文件it_node.json到prometheus服务器
2023-02-22 17:17:28 [INFO] [/opt/pve2prometheus/model/remote.go:20] ssh: handshake failed: ssh: unable to authenticate, attempted methods [none password], no supported methods remain
2023-02-22 17:17:28 [INFO] [/opt/pve2prometheus/model/prometheus.go:76] ssh: handshake failed: ssh: unable to authenticate, attempted methods [none password], no supported methods remain
2023-02-22 17:17:28 [INFO] [/opt/pve2prometheus/model/prometheus.go:68] 正在生成json文件,部门：人工智能中心,主机数量：48台
2023-02-22 17:17:28 [INFO] [/opt/pve2prometheus/model/prometheus.go:73] 开始同步json文件aic_node.json到prometheus服务器
2023-02-22 17:17:32 [INFO] [/opt/pve2prometheus/model/remote.go:20] ssh: handshake failed: ssh: unable to authenticate, attempted methods [none password], no supported methods remain
2023-02-22 17:17:32 [INFO] [/opt/pve2prometheus/model/prometheus.go:76] ssh: handshake failed: ssh: unable to authenticate, attempted methods [none password], no supported methods remain
2023-02-22 17:17:32 [INFO] [/opt/pve2prometheus/model/prometheus.go:68] 正在生成json文件,部门：运动控制部,主机数量：3台
2023-02-22 17:17:32 [INFO] [/opt/pve2prometheus/model/prometheus.go:73] 开始同步json文件mc_node.json到prometheus服务器
2023-02-22 17:17:34 [INFO] [/opt/pve2prometheus/model/remote.go:20] ssh: handshake failed: ssh: unable to authenticate, attempted methods [none password], no supported methods remain
2023-02-22 17:17:34 [INFO] [/opt/pve2prometheus/model/prometheus.go:76] ssh: handshake failed: ssh: unable to authenticate, attempted methods [none password], no supported methods remain
2023-02-22 17:17:34 [INFO] [/opt/pve2prometheus/model/prometheus.go:68] 正在生成json文件,部门：整机工程部,主机数量：1台
2023-02-22 17:17:34 [INFO] [/opt/pve2prometheus/model/prometheus.go:73] 开始同步json文件cm_node.json到prometheus服务器
2023-02-22 17:17:36 [INFO] [/opt/pve2prometheus/model/remote.go:20] ssh: handshake failed: ssh: unable to authenticate, attempted methods [none password], no supported methods remain
2023-02-22 17:17:36 [INFO] [/opt/pve2prometheus/model/prometheus.go:76] ssh: handshake failed: ssh: unable to authenticate, attempted methods [none password], no supported methods remain
2023-02-22 17:17:36 [INFO] [/opt/pve2prometheus/model/prometheus.go:68] 正在生成json文件,部门：机械臂研发部,主机数量：1台
2023-02-22 17:17:36 [INFO] [/opt/pve2prometheus/model/prometheus.go:73] 开始同步json文件ra_node.json到prometheus服务器
2023-02-22 17:17:40 [INFO] [/opt/pve2prometheus/model/remote.go:20] ssh: handshake failed: ssh: unable to authenticate, attempted methods [none password], no supported methods remain
2023-02-22 17:17:40 [INFO] [/opt/pve2prometheus/model/prometheus.go:76] ssh: handshake failed: ssh: unable to authenticate, attempted methods [none password], no supported methods remain
2023-02-23 09:24:14 [INFO] [/opt/pve2prometheus/model/qemu.go:78] 初始化Qemu列表成功,虚拟机数量：81台
2023-02-23 09:24:14 [INFO] [/opt/pve2prometheus/model/prometheus.go:68] 正在生成json文件,部门：IT系统及运维部,主机数量：27台
2023-02-23 09:24:14 [INFO] [/opt/pve2prometheus/model/prometheus.go:73] 开始同步json文件it_node.json到prometheus服务器
2023-02-23 09:24:16 [INFO] [/opt/pve2prometheus/model/remote.go:20] ssh: handshake failed: ssh: unable to authenticate, attempted methods [none password], no supported methods remain
2023-02-23 09:24:16 [INFO] [/opt/pve2prometheus/model/prometheus.go:76] ssh: handshake failed: ssh: unable to authenticate, attempted methods [none password], no supported methods remain
2023-02-23 09:24:16 [INFO] [/opt/pve2prometheus/model/prometheus.go:68] 正在生成json文件,部门：人工智能中心,主机数量：48台
2023-02-23 09:24:16 [INFO] [/opt/pve2prometheus/model/prometheus.go:73] 开始同步json文件aic_node.json到prometheus服务器
2023-02-23 09:24:20 [INFO] [/opt/pve2prometheus/model/remote.go:20] ssh: handshake failed: ssh: unable to authenticate, attempted methods [none password], no supported methods remain
2023-02-23 09:24:20 [INFO] [/opt/pve2prometheus/model/prometheus.go:76] ssh: handshake failed: ssh: unable to authenticate, attempted methods [none password], no supported methods remain
2023-02-23 09:24:20 [INFO] [/opt/pve2prometheus/model/prometheus.go:68] 正在生成json文件,部门：运动控制部,主机数量：3台
2023-02-23 09:24:20 [INFO] [/opt/pve2prometheus/model/prometheus.go:73] 开始同步json文件mc_node.json到prometheus服务器
2023-02-23 09:24:22 [INFO] [/opt/pve2prometheus/model/remote.go:20] ssh: handshake failed: ssh: unable to authenticate, attempted methods [none password], no supported methods remain
2023-02-23 09:24:22 [INFO] [/opt/pve2prometheus/model/prometheus.go:76] ssh: handshake failed: ssh: unable to authenticate, attempted methods [none password], no supported methods remain
2023-02-23 09:24:22 [INFO] [/opt/pve2prometheus/model/prometheus.go:68] 正在生成json文件,部门：整机工程部,主机数量：1台
2023-02-23 09:24:22 [INFO] [/opt/pve2prometheus/model/prometheus.go:73] 开始同步json文件cm_node.json到prometheus服务器
2023-02-23 09:24:27 [INFO] [/opt/pve2prometheus/model/remote.go:20] ssh: handshake failed: ssh: unable to authenticate, attempted methods [none password], no supported methods remain
2023-02-23 09:24:27 [INFO] [/opt/pve2prometheus/model/prometheus.go:76] ssh: handshake failed: ssh: unable to authenticate, attempted methods [none password], no supported methods remain
2023-02-23 09:24:27 [INFO] [/opt/pve2prometheus/model/prometheus.go:68] 正在生成json文件,部门：机械臂研发部,主机数量：1台
2023-02-23 09:24:27 [INFO] [/opt/pve2prometheus/model/prometheus.go:73] 开始同步json文件ra_node.json到prometheus服务器
2023-02-23 09:27:15 [INFO] [/opt/pve2prometheus/model/qemu.go:78] 初始化Qemu列表成功,虚拟机数量：81台
2023-02-23 09:27:15 [INFO] [/opt/pve2prometheus/model/prometheus.go:68] 正在生成json文件,部门：IT系统及运维部,主机数量：27台
2023-02-23 09:27:15 [INFO] [/opt/pve2prometheus/model/prometheus.go:73] 开始同步json文件it_node.json到prometheus服务器
2023-02-23 09:27:15 [INFO] [/opt/pve2prometheus/model/remote.go:15] prometheus
2023-02-23 09:27:15 [INFO] [/opt/pve2prometheus/model/remote.go:16] prometheus#2022
2023-02-23 09:27:19 [INFO] [/opt/pve2prometheus/model/remote.go:22] ssh: handshake failed: ssh: unable to authenticate, attempted methods [none password], no supported methods remain
2023-02-23 09:27:19 [INFO] [/opt/pve2prometheus/model/prometheus.go:76] ssh: handshake failed: ssh: unable to authenticate, attempted methods [none password], no supported methods remain
2023-02-23 09:27:19 [INFO] [/opt/pve2prometheus/model/prometheus.go:68] 正在生成json文件,部门：人工智能中心,主机数量：48台
2023-02-23 09:27:19 [INFO] [/opt/pve2prometheus/model/prometheus.go:73] 开始同步json文件aic_node.json到prometheus服务器
2023-02-23 09:27:19 [INFO] [/opt/pve2prometheus/model/remote.go:15] prometheus
2023-02-23 09:27:19 [INFO] [/opt/pve2prometheus/model/remote.go:16] prometheus#2022
2023-02-23 09:27:23 [INFO] [/opt/pve2prometheus/model/remote.go:22] ssh: handshake failed: ssh: unable to authenticate, attempted methods [none password], no supported methods remain
2023-02-23 09:27:23 [INFO] [/opt/pve2prometheus/model/prometheus.go:76] ssh: handshake failed: ssh: unable to authenticate, attempted methods [none password], no supported methods remain
2023-02-23 09:27:23 [INFO] [/opt/pve2prometheus/model/prometheus.go:68] 正在生成json文件,部门：运动控制部,主机数量：3台
2023-02-23 09:27:23 [INFO] [/opt/pve2prometheus/model/prometheus.go:73] 开始同步json文件mc_node.json到prometheus服务器
2023-02-23 09:27:23 [INFO] [/opt/pve2prometheus/model/remote.go:15] prometheus
2023-02-23 09:27:23 [INFO] [/opt/pve2prometheus/model/remote.go:16] prometheus#2022
2023-02-23 09:27:25 [INFO] [/opt/pve2prometheus/model/remote.go:22] ssh: handshake failed: ssh: unable to authenticate, attempted methods [none password], no supported methods remain
2023-02-23 09:27:25 [INFO] [/opt/pve2prometheus/model/prometheus.go:76] ssh: handshake failed: ssh: unable to authenticate, attempted methods [none password], no supported methods remain
2023-02-23 09:27:25 [INFO] [/opt/pve2prometheus/model/prometheus.go:68] 正在生成json文件,部门：整机工程部,主机数量：1台
2023-02-23 09:27:25 [INFO] [/opt/pve2prometheus/model/prometheus.go:73] 开始同步json文件cm_node.json到prometheus服务器
2023-02-23 09:27:25 [INFO] [/opt/pve2prometheus/model/remote.go:15] prometheus
2023-02-23 09:27:25 [INFO] [/opt/pve2prometheus/model/remote.go:16] prometheus#2022
2023-02-23 09:27:29 [INFO] [/opt/pve2prometheus/model/remote.go:22] ssh: handshake failed: ssh: unable to authenticate, attempted methods [none password], no supported methods remain
2023-02-23 09:27:29 [INFO] [/opt/pve2prometheus/model/prometheus.go:76] ssh: handshake failed: ssh: unable to authenticate, attempted methods [none password], no supported methods remain
2023-02-23 09:27:29 [INFO] [/opt/pve2prometheus/model/prometheus.go:68] 正在生成json文件,部门：机械臂研发部,主机数量：1台
2023-02-23 09:27:29 [INFO] [/opt/pve2prometheus/model/prometheus.go:73] 开始同步json文件ra_node.json到prometheus服务器
2023-02-23 09:27:29 [INFO] [/opt/pve2prometheus/model/remote.go:15] prometheus
2023-02-23 09:27:29 [INFO] [/opt/pve2prometheus/model/remote.go:16] prometheus#2022
2023-02-23 09:27:33 [INFO] [/opt/pve2prometheus/model/remote.go:22] ssh: handshake failed: ssh: unable to authenticate, attempted methods [none password], no supported methods remain
2023-02-23 09:27:33 [INFO] [/opt/pve2prometheus/model/prometheus.go:76] ssh: handshake failed: ssh: unable to authenticate, attempted methods [none password], no supported methods remain
2023-02-23 09:28:35 [INFO] [/opt/pve2prometheus/model/qemu.go:78] 初始化Qemu列表成功,虚拟机数量：81台
2023-02-23 09:28:35 [INFO] [/opt/pve2prometheus/model/prometheus.go:68] 正在生成json文件,部门：IT系统及运维部,主机数量：27台
2023-02-23 09:28:35 [INFO] [/opt/pve2prometheus/model/prometheus.go:73] 开始同步json文件it_node.json到prometheus服务器
2023-02-23 09:28:35 [INFO] [/opt/pve2prometheus/model/remote.go:15] prometheus
2023-02-23 09:28:35 [INFO] [/opt/pve2prometheus/model/remote.go:16] prometheus#2022
2023-02-23 09:28:39 [INFO] [/opt/pve2prometheus/model/remote.go:22] ssh: handshake failed: ssh: unable to authenticate, attempted methods [none password], no supported methods remain
2023-02-23 09:28:39 [INFO] [/opt/pve2prometheus/model/prometheus.go:76] ssh: handshake failed: ssh: unable to authenticate, attempted methods [none password], no supported methods remain
2023-02-23 09:28:39 [INFO] [/opt/pve2prometheus/model/prometheus.go:68] 正在生成json文件,部门：人工智能中心,主机数量：48台
2023-02-23 09:28:39 [INFO] [/opt/pve2prometheus/model/prometheus.go:73] 开始同步json文件aic_node.json到prometheus服务器
2023-02-23 09:28:39 [INFO] [/opt/pve2prometheus/model/remote.go:15] prometheus
2023-02-23 09:28:39 [INFO] [/opt/pve2prometheus/model/remote.go:16] prometheus#2022
2023-02-23 09:28:41 [INFO] [/opt/pve2prometheus/model/remote.go:22] ssh: handshake failed: ssh: unable to authenticate, attempted methods [none password], no supported methods remain
2023-02-23 09:28:41 [INFO] [/opt/pve2prometheus/model/prometheus.go:76] ssh: handshake failed: ssh: unable to authenticate, attempted methods [none password], no supported methods remain
2023-02-23 09:28:41 [INFO] [/opt/pve2prometheus/model/prometheus.go:68] 正在生成json文件,部门：运动控制部,主机数量：3台
2023-02-23 09:28:41 [INFO] [/opt/pve2prometheus/model/prometheus.go:73] 开始同步json文件mc_node.json到prometheus服务器
2023-02-23 09:28:41 [INFO] [/opt/pve2prometheus/model/remote.go:15] prometheus
2023-02-23 09:28:41 [INFO] [/opt/pve2prometheus/model/remote.go:16] prometheus#2022
2023-02-23 09:28:43 [INFO] [/opt/pve2prometheus/model/remote.go:22] ssh: handshake failed: ssh: unable to authenticate, attempted methods [none password], no supported methods remain
2023-02-23 09:28:43 [INFO] [/opt/pve2prometheus/model/prometheus.go:76] ssh: handshake failed: ssh: unable to authenticate, attempted methods [none password], no supported methods remain
2023-02-23 09:28:43 [INFO] [/opt/pve2prometheus/model/prometheus.go:68] 正在生成json文件,部门：整机工程部,主机数量：1台
2023-02-23 09:28:43 [INFO] [/opt/pve2prometheus/model/prometheus.go:73] 开始同步json文件cm_node.json到prometheus服务器
2023-02-23 09:28:43 [INFO] [/opt/pve2prometheus/model/remote.go:15] prometheus
2023-02-23 09:28:43 [INFO] [/opt/pve2prometheus/model/remote.go:16] prometheus#2022
2023-02-23 09:28:45 [INFO] [/opt/pve2prometheus/model/remote.go:22] ssh: handshake failed: ssh: unable to authenticate, attempted methods [none password], no supported methods remain
2023-02-23 09:28:45 [INFO] [/opt/pve2prometheus/model/prometheus.go:76] ssh: handshake failed: ssh: unable to authenticate, attempted methods [none password], no supported methods remain
2023-02-23 09:28:45 [INFO] [/opt/pve2prometheus/model/prometheus.go:68] 正在生成json文件,部门：机械臂研发部,主机数量：1台
2023-02-23 09:28:45 [INFO] [/opt/pve2prometheus/model/prometheus.go:73] 开始同步json文件ra_node.json到prometheus服务器
2023-02-23 09:28:45 [INFO] [/opt/pve2prometheus/model/remote.go:15] prometheus
2023-02-23 09:28:45 [INFO] [/opt/pve2prometheus/model/remote.go:16] prometheus#2022
2023-02-23 09:28:47 [INFO] [/opt/pve2prometheus/model/remote.go:22] ssh: handshake failed: ssh: unable to authenticate, attempted methods [none password], no supported methods remain
2023-02-23 09:28:47 [INFO] [/opt/pve2prometheus/model/prometheus.go:76] ssh: handshake failed: ssh: unable to authenticate, attempted methods [none password], no supported methods remain
2023-02-23 09:29:24 [INFO] [/opt/pve2prometheus/model/qemu.go:78] 初始化Qemu列表成功,虚拟机数量：81台
2023-02-23 09:29:24 [INFO] [/opt/pve2prometheus/model/prometheus.go:68] 正在生成json文件,部门：IT系统及运维部,主机数量：27台
2023-02-23 09:29:24 [INFO] [/opt/pve2prometheus/model/prometheus.go:73] 开始同步json文件it_node.json到prometheus服务器
2023-02-23 09:29:24 [INFO] [/opt/pve2prometheus/model/remote.go:15] pxing
2023-02-23 09:29:24 [INFO] [/opt/pve2prometheus/model/remote.go:16] pengxing#2022
2023-02-23 09:29:25 [INFO] [/opt/pve2prometheus/model/prometheus.go:68] 正在生成json文件,部门：人工智能中心,主机数量：48台
2023-02-23 09:29:25 [INFO] [/opt/pve2prometheus/model/prometheus.go:73] 开始同步json文件aic_node.json到prometheus服务器
2023-02-23 09:29:25 [INFO] [/opt/pve2prometheus/model/remote.go:15] pxing
2023-02-23 09:29:25 [INFO] [/opt/pve2prometheus/model/remote.go:16] pengxing#2022
2023-02-23 09:29:25 [INFO] [/opt/pve2prometheus/model/prometheus.go:68] 正在生成json文件,部门：运动控制部,主机数量：3台
2023-02-23 09:29:25 [INFO] [/opt/pve2prometheus/model/prometheus.go:73] 开始同步json文件mc_node.json到prometheus服务器
2023-02-23 09:29:25 [INFO] [/opt/pve2prometheus/model/remote.go:15] pxing
2023-02-23 09:29:25 [INFO] [/opt/pve2prometheus/model/remote.go:16] pengxing#2022
2023-02-23 09:29:25 [INFO] [/opt/pve2prometheus/model/prometheus.go:68] 正在生成json文件,部门：整机工程部,主机数量：1台
2023-02-23 09:29:25 [INFO] [/opt/pve2prometheus/model/prometheus.go:73] 开始同步json文件cm_node.json到prometheus服务器
2023-02-23 09:29:25 [INFO] [/opt/pve2prometheus/model/remote.go:15] pxing
2023-02-23 09:29:25 [INFO] [/opt/pve2prometheus/model/remote.go:16] pengxing#2022
2023-02-23 09:29:25 [INFO] [/opt/pve2prometheus/model/prometheus.go:68] 正在生成json文件,部门：机械臂研发部,主机数量：1台
2023-02-23 09:29:25 [INFO] [/opt/pve2prometheus/model/prometheus.go:73] 开始同步json文件ra_node.json到prometheus服务器
2023-02-23 09:29:25 [INFO] [/opt/pve2prometheus/model/remote.go:15] pxing
2023-02-23 09:29:25 [INFO] [/opt/pve2prometheus/model/remote.go:16] pengxing#2022
2023-02-24 17:50:18 [INFO] [/opt/proxmoxAPI/model/api.go:70] Get "https://10.68.19.98/api/v1/users/users/": dial tcp 10.68.19.98:443: connect: no route to host
2023-02-24 17:50:38 [INFO] [/opt/proxmoxAPI/main.go:46] [91 123 34 105 100 34 58 34 56 56 101 102 57 52 102 48 45 51 98 55 100 45 52 55 56 53 45 56 98 100 48 45 55 49 101 50 54 102 49 101 56 51 53 55 34 44 34 110 97 109 101 34 58 34 65 100 109 105 110 105 115 116 114 97 116 111 114 34 44 34 117 115 101 114 110 97 109 101 34 58 34 97 100 109 105 110 34 44 34 101 109 97 105 108 34 58 34 97 100 109 105 110 64 109 121 99 111 109 97 110 121 46 99 111 109 34 44 34 119 101 99 104 97 116 34 58 34 34 44 34 112 104 111 110 101 34 58 110 117 108 108 44 34 109 102 97 95 108 101 118 101 108 34 58 48 44 34 115 111 117 114 99 101 34 58 34 108 111 99 97 108 34 44 34 115 111 117 114 99 101 95 100 105 115 112 108 97 121 34 58 34 230 149 176 230 141 174 229 186 147 34 44 34 99 97 110 95 112 117 98 108 105 99 95 107 101 121 95 97 117 116 104 34 58 116 114 117 101 44 34 110 101 101 100 95 117 112 100 97 116 101 95 112 97 115 115 119 111 114 100 34 58 102 97 108 115 101 44 34 109 102 97 95 101 110 97 98 108 101 100 34 58 102 97 108 115 101 44 34 105 115 95 115 101 114 118 105 99 101 95 97 99 99 111 117 110 116 34 58 102 97 108 115 101 44 34 105 115 95 118 97 108 105 100 34 58 116 114 117 101 44 34 105 115 95 101 120 112 105 114 101 100 34 58 102 97 108 115 101 44 34 105 115 95 97 99 116 105 118 101 34 58 116 114 117 101 44 34 100 97 116 101 95 101 120 112 105 114 101 100 34 58 34 50 48 57 51 47 48 50 47 48 53 32 49 54 58 51 55 58 53 48 32 43 48 56 48 48 34 44 34 100 97 116 101 95 106 111 105 110 101 100 34 58 34 50 48 50 51 47 48 50 47 50 51 32 49 54 58 51 55 58 53 48 32 43 48 56 48 48 34 44 34 108 97 115 116 95 108 111 103 105 110 34 58 34 50 48 50 51 47 48 50 47 50 52 32 49 52 58 48 57 58 50 53 32 43 48 56 48 48 34 44 34 99 114 101 97 116 101 100 95 98 121 34 58 34 34 44 34 99 111 109 109 101 110 116 34 58 34 34 44 34 105 115 95 119 101 99 111 109 95 98 111 117 110 100 34 58 102 97 108 115 101 44 34 105 115 95 100 105 110 103 116 97 108 107 95 98 111 117 110 100 34 58 102 97 108 115 101 44 34 105 115 95 102 101 105 115 104 117 95 98 111 117 110 100 34 58 102 97 108 115 101 44 34 105 115 95 111 116 112 95 115 101 99 114 101 116 95 107 101 121 95 98 111 117 110 100 34 58 102 97 108 115 101 44 34 119 101 99 111 109 95 105 100 34 58 110 117 108 108 44 34 100 105 110 103 116 97 108 107 95 105 100 34 58 110 117 108 108 44 34 102 101 105 115 104 117 95 105 100 34 58 110 117 108 108 44 34 109 102 97 95 108 101 118 101 108 95 100 105 115 112 108 97 121 34 58 34 231 166 129 231 148 168 34 44 34 109 102 97 95 102 111 114 99 101 95 101 110 97 98 108 101 100 34 58 102 97 108 115 101 44 34 105 115 95 102 105 114 115 116 95 108 111 103 105 110 34 58 102 97 108 115 101 44 34 100 97 116 101 95 112 97 115 115 119 111 114 100 95 108 97 115 116 95 117 112 100 97 116 101 100 34 58 34 50 48 50 51 47 48 50 47 50 51 32 49 54 58 52 53 58 51 55 32 43 48 56 48 48 34 44 34 97 118 97 116 97 114 95 117 114 108 34 58 34 47 115 116 97 116 105 99 47 105 109 103 47 97 118 97 116 97 114 47 97 100 109 105 110 46 112 110 103 34 44 34 103 114 111 117 112 115 34 58 91 34 48 52 55 97 57 49 97 54 45 50 54 99 57 45 52 99 48 97 45 57 98 53 55 45 56 57 55 53 51 101 97 51 55 54 48 50 34 93 44 34 103 114 111 117 112 115 95 100 105 115 112 108 97 121 34 58 34 68 101 102 97 117 108 116 34 44 34 115 121 115 116 101 109 95 114 111 108 101 115 34 58 91 34 48 48 48 48 48 48 48 48 45 48 48 48 48 45 48 48 48 48 45 48 48 48 48 45 48 48 48 48 48 48 48 48 48 48 48 49 34 93 44 34 111 114 103 95 114 111 108 101 115 34 58 91 34 48 48 48 48 48 48 48 48 45 48 48 48 48 45 48 48 48 48 45 48 48 48 48 45 48 48 48 48 48 48 48 48 48 48 48 55 34 93 44 34 115 121 115 116 101 109 95 114 111 108 101 115 95 100 105 115 112 108 97 121 34 58 34 231 179 187 231 187 159 231 174 161 231 144 134 229 145 152 34 44 34 111 114 103 95 114 111 108 101 115 95 100 105 115 112 108 97 121 34 58 34 231 187 132 231 187 135 231 148 168 230 136 183 34 44 34 108 111 103 105 110 95 98 108 111 99 107 101 100 34 58 102 97 108 115 101 125 93]
2023-02-24 17:54:11 [INFO] [/opt/proxmoxAPI/main.go:46] [91 123 34 105 100 34 58 34 97 101 101 56 52 51 102 100 45 52 53 55 54 45 52 100 49 102 45 56 101 99 102 45 51 50 100 52 53 99 101 52 98 51 57 48 34 44 34 107 101 121 34 58 34 49 34 44 34 118 97 108 117 101 34 58 34 68 101 102 97 117 108 116 34 44 34 111 114 103 95 105 100 34 58 34 48 48 48 48 48 48 48 48 45 48 48 48 48 45 48 48 48 48 45 48 48 48 48 45 48 48 48 48 48 48 48 48 48 48 48 50 34 44 34 110 97 109 101 34 58 34 68 101 102 97 117 108 116 34 44 34 102 117 108 108 95 118 97 108 117 101 34 58 34 47 68 101 102 97 117 108 116 34 44 34 111 114 103 95 110 97 109 101 34 58 34 68 101 102 97 117 108 116 34 125 44 123 34 105 100 34 58 34 102 50 55 53 48 54 102 99 45 51 50 52 101 45 52 49 48 57 45 98 54 52 53 45 102 55 99 50 50 54 97 52 52 49 49 101 34 44 34 107 101 121 34 58 34 49 58 48 34 44 34 118 97 108 117 101 34 58 34 73 84 231 179 187 231 187 159 229 143 138 232 191 144 231 187 180 233 131 168 34 44 34 111 114 103 95 105 100 34 58 34 48 48 48 48 48 48 48 48 45 48 48 48 48 45 48 48 48 48 45 48 48 48 48 45 48 48 48 48 48 48 48 48 48 48 48 50 34 44 34 110 97 109 101 34 58 34 73 84 231 179 187 231 187 159 229 143 138 232 191 144 231 187 180 233 131 168 34 44 34 102 117 108 108 95 118 97 108 117 101 34 58 34 47 68 101 102 97 117 108 116 47 73 84 231 179 187 231 187 159 229 143 138 232 191 144 231 187 180 233 131 168 34 44 34 111 114 103 95 110 97 109 101 34 58 34 68 101 102 97 117 108 116 34 125 44 123 34 105 100 34 58 34 98 102 100 100 100 48 55 48 45 100 54 98 49 45 52 48 102 53 45 57 52 97 101 45 51 101 98 56 50 99 98 98 97 51 100 56 34 44 34 107 101 121 34 58 34 49 58 49 34 44 34 118 97 108 117 101 34 58 34 228 186 186 229 183 165 230 153 186 232 131 189 228 184 173 229 191 131 34 44 34 111 114 103 95 105 100 34 58 34 48 48 48 48 48 48 48 48 45 48 48 48 48 45 48 48 48 48 45 48 48 48 48 45 48 48 48 48 48 48 48 48 48 48 48 50 34 44 34 110 97 109 101 34 58 34 228 186 186 229 183 165 230 153 186 232 131 189 228 184 173 229 191 131 34 44 34 102 117 108 108 95 118 97 108 117 101 34 58 34 47 68 101 102 97 117 108 116 47 228 186 186 229 183 165 230 153 186 232 131 189 228 184 173 229 191 131 34 44 34 111 114 103 95 110 97 109 101 34 58 34 68 101 102 97 117 108 116 34 125 44 123 34 105 100 34 58 34 101 98 97 57 50 97 50 100 45 99 51 102 50 45 52 55 98 100 45 57 49 53 52 45 55 52 98 51 57 48 50 98 57 57 57 57 34 44 34 107 101 121 34 58 34 49 58 51 34 44 34 118 97 108 117 101 34 58 34 230 149 180 230 156 186 229 183 165 231 168 139 233 131 168 34 44 34 111 114 103 95 105 100 34 58 34 48 48 48 48 48 48 48 48 45 48 48 48 48 45 48 48 48 48 45 48 48 48 48 45 48 48 48 48 48 48 48 48 48 48 48 50 34 44 34 110 97 109 101 34 58 34 230 149 180 230 156 186 229 183 165 231 168 139 233 131 168 34 44 34 102 117 108 108 95 118 97 108 117 101 34 58 34 47 68 101 102 97 117 108 116 47 230 149 180 230 156 186 229 183 165 231 168 139 233 131 168 34 44 34 111 114 103 95 110 97 109 101 34 58 34 68 101 102 97 117 108 116 34 125 44 123 34 105 100 34 58 34 48 99 49 52 97 55 98 54 45 97 101 57 51 45 52 54 97 54 45 56 48 53 53 45 57 99 99 54 100 102 57 51 98 51 54 101 34 44 34 107 101 121 34 58 34 49 58 52 34 44 34 118 97 108 117 101 34 58 34 230 156 186 230 162 176 232 135 130 231 160 148 229 143 145 233 131 168 34 44 34 111 114 103 95 105 100 34 58 34 48 48 48 48 48 48 48 48 45 48 48 48 48 45 48 48 48 48 45 48 48 48 48 45 48 48 48 48 48 48 48 48 48 48 48 50 34 44 34 110 97 109 101 34 58 34 230 156 186 230 162 176 232 135 130 231 160 148 229 143 145 233 131 168 34 44 34 102 117 108 108 95 118 97 108 117 101 34 58 34 47 68 101 102 97 117 108 116 47 230 156 186 230 162 176 232 135 130 231 160 148 229 143 145 233 131 168 34 44 34 111 114 103 95 110 97 109 101 34 58 34 68 101 102 97 117 108 116 34 125 44 123 34 105 100 34 58 34 97 101 52 54 52 57 57 102 45 57 50 51 49 45 52 55 54 55 45 56 51 102 100 45 56 51 102 98 55 56 101 49 48 54 101 98 34 44 34 107 101 121 34 58 34 49 58 50 34 44 34 118 97 108 117 101 34 58 34 232 191 144 229 138 168 230 142 167 229 136 182 233 131 168 34 44 34 111 114 103 95 105 100 34 58 34 48 48 48 48 48 48 48 48 45 48 48 48 48 45 48 48 48 48 45 48 48 48 48 45 48 48 48 48 48 48 48 48 48 48 48 50 34 44 34 110 97 109 101 34 58 34 232 191 144 229 138 168 230 142 167 229 136 182 233 131 168 34 44 34 102 117 108 108 95 118 97 108 117 101 34 58 34 47 68 101 102 97 117 108 116 47 232 191 144 229 138 168 230 142 167 229 136 182 233 131 168 34 44 34 111 114 103 95 110 97 109 101 34 58 34 68 101 102 97 117 108 116 34 125 93]
2023-02-27 15:32:25 [INFO] [/opt/proxmoxAPI/model/jumpserver.go:57] [60 33 68 79 67 84 89 80 69 32 104 116 109 108 62 10 60 104 116 109 108 32 108 97 110 103 61 34 101 110 34 62 10 60 104 101 97 100 62 10 32 32 32 32 60 109 101 116 97 32 99 104 97 114 115 101 116 61 34 85 84 70 45 56 34 62 10 32 32 32 32 60 116 105 116 108 101 62 78 111 116 32 102 111 117 110 100 60 47 116 105 116 108 101 62 10 60 47 104 101 97 100 62 10 60 98 111 100 121 62 10 60 104 49 62 78 111 116 32 102 111 117 110 100 60 47 104 49 62 10 60 47 98 111 100 121 62 10 60 47 104 116 109 108 62]
2023-02-27 15:32:25 [INFO] [/opt/proxmoxAPI/model/jumpserver.go:60] invalid character '<' looking for beginning of value
2023-02-27 15:33:15 [INFO] [/opt/proxmoxAPI/model/jumpserver.go:57] <!DOCTYPE html>
<html lang="en">
<head>
    <meta charset="UTF-8">
    <title>Not found</title>
</head>
<body>
<h1>Not found</h1>
</body>
</html>
2023-02-27 15:33:15 [INFO] [/opt/proxmoxAPI/model/jumpserver.go:60] invalid character '<' looking for beginning of value
2023-02-27 15:34:33 [INFO] [/opt/proxmoxAPI/model/api.go:62] http://10.68.19.98/api/v1/assets/nodes/
2023-02-27 15:34:33 [INFO] [/opt/proxmoxAPI/model/jumpserver.go:57] [{"id":"aee843fd-4576-4d1f-8ecf-32d45ce4b390","key":"1","value":"Default","org_id":"00000000-0000-0000-0000-000000000002","name":"Default","full_value":"/Default","org_name":"Default"},{"id":"f27506fc-324e-4109-b645-f7c226a4411e","key":"1:0","value":"IT系统及运维部","org_id":"00000000-0000-0000-0000-000000000002","name":"IT系统及运维部","full_value":"/Default/IT系统及运维部","org_name":"Default"},{"id":"bfddd070-d6b1-40f5-94ae-3eb82cbba3d8","key":"1:1","value":"人工智能中心","org_id":"00000000-0000-0000-0000-000000000002","name":"人工智能中心","full_value":"/Default/人工智能中心","org_name":"Default"},{"id":"eba92a2d-c3f2-47bd-9154-74b3902b9999","key":"1:3","value":"整机工程部","org_id":"00000000-0000-0000-0000-000000000002","name":"整机工程部","full_value":"/Default/整机工程部","org_name":"Default"},{"id":"0c14a7b6-ae93-46a6-8055-9cc6df93b36e","key":"1:4","value":"机械臂研发部","org_id":"00000000-0000-0000-0000-000000000002","name":"机械臂研发部","full_value":"/Default/机械臂研发部","org_name":"Default"},{"id":"ae46499f-9231-4767-83fd-83fb78e106eb","key":"1:2","value":"运动控制部","org_id":"00000000-0000-0000-0000-000000000002","name":"运动控制部","full_value":"/Default/运动控制部","org_name":"Default"}]
2023-02-27 15:34:33 [INFO] [/opt/proxmoxAPI/model/jumpserver.go:60] json: cannot unmarshal array into Go value of type model.JNodeList
2023-02-27 15:35:31 [INFO] [/opt/proxmoxAPI/model/jumpserver.go:57] [{"id":"aee843fd-4576-4d1f-8ecf-32d45ce4b390","key":"1","value":"Default","org_id":"00000000-0000-0000-0000-000000000002","name":"Default","full_value":"/Default","org_name":"Default"},{"id":"f27506fc-324e-4109-b645-f7c226a4411e","key":"1:0","value":"IT系统及运维部","org_id":"00000000-0000-0000-0000-000000000002","name":"IT系统及运维部","full_value":"/Default/IT系统及运维部","org_name":"Default"},{"id":"bfddd070-d6b1-40f5-94ae-3eb82cbba3d8","key":"1:1","value":"人工智能中心","org_id":"00000000-0000-0000-0000-000000000002","name":"人工智能中心","full_value":"/Default/人工智能中心","org_name":"Default"},{"id":"eba92a2d-c3f2-47bd-9154-74b3902b9999","key":"1:3","value":"整机工程部","org_id":"00000000-0000-0000-0000-000000000002","name":"整机工程部","full_value":"/Default/整机工程部","org_name":"Default"},{"id":"0c14a7b6-ae93-46a6-8055-9cc6df93b36e","key":"1:4","value":"机械臂研发部","org_id":"00000000-0000-0000-0000-000000000002","name":"机械臂研发部","full_value":"/Default/机械臂研发部","org_name":"Default"},{"id":"ae46499f-9231-4767-83fd-83fb78e106eb","key":"1:2","value":"运动控制部","org_id":"00000000-0000-0000-0000-000000000002","name":"运动控制部","full_value":"/Default/运动控制部","org_name":"Default"}]
2023-02-27 15:35:31 [INFO] [/opt/proxmoxAPI/model/jumpserver.go:60] json: cannot unmarshal array into Go value of type model.JNodeList
2023-02-27 16:18:38 [INFO] [/opt/proxmoxAPI/model/jumpserver.go:57] <!DOCTYPE html>
<html lang="en">
<head>
    <meta charset="UTF-8">
    <title>Not found</title>
</head>
<body>
<h1>Not found</h1>
</body>
</html>
2023-02-27 16:18:38 [INFO] [/opt/proxmoxAPI/model/jumpserver.go:60] invalid character '<' looking for beginning of value
2023-02-27 16:18:56 [INFO] [/opt/proxmoxAPI/model/jumpserver.go:57] <!DOCTYPE html>
<html lang="en">
<head>
    <meta charset="UTF-8">
    <title>Not found</title>
</head>
<body>
<h1>Not found</h1>
</body>
</html>
2023-02-27 16:18:56 [INFO] [/opt/proxmoxAPI/model/jumpserver.go:60] invalid character '<' looking for beginning of value
2023-02-27 16:24:53 [INFO] [/opt/proxmoxAPI/model/jumpserver.go:57] <!DOCTYPE html>
<html lang="en">
<head>
    <meta charset="UTF-8">
    <title>Not found</title>
</head>
<body>
<h1>Not found</h1>
</body>
</html>
2023-02-27 16:24:53 [INFO] [/opt/proxmoxAPI/model/jumpserver.go:60] invalid character '<' looking for beginning of value
2023-02-27 16:29:40 [INFO] [/opt/proxmoxAPI/model/jumpserver.go:53] <!DOCTYPE html>
<html lang="en">
<head>
    <meta charset="UTF-8">
    <title>Not found</title>
</head>
<body>
<h1>Not found</h1>
</body>
</html>
2023-02-27 16:29:40 [INFO] [/opt/proxmoxAPI/model/jumpserver.go:57] invalid character '<' looking for beginning of value
2023-02-27 16:30:19 [INFO] [/opt/proxmoxAPI/model/api.go:62] http://10.68.19.98/api/v1/assets/nodes
2023-02-27 16:30:20 [INFO] [/opt/proxmoxAPI/model/jumpserver.go:53] <!DOCTYPE html>
<html lang="en">
<head>
    <meta charset="UTF-8">
    <title>Not found</title>
</head>
<body>
<h1>Not found</h1>
</body>
</html>
2023-02-27 16:30:20 [INFO] [/opt/proxmoxAPI/model/jumpserver.go:57] invalid character '<' looking for beginning of value
2023-02-27 16:31:35 [INFO] [/opt/proxmoxAPI/model/api.go:62] http://10.68.19.98/api/v1/assets/nodes
2023-02-27 16:31:35 [INFO] [/opt/proxmoxAPI/model/jumpserver.go:53] <!DOCTYPE html>
<html lang="en">
<head>
    <meta charset="UTF-8">
    <title>Not found</title>
</head>
<body>
<h1>Not found</h1>
</body>
</html>
2023-02-27 16:31:35 [INFO] [/opt/proxmoxAPI/model/jumpserver.go:57] invalid character '<' looking for beginning of value
2023-02-27 16:32:20 [INFO] [/opt/proxmoxAPI/model/api.go:62] http://10.68.19.98/api/v1/assets/nodes/
2023-02-27 16:32:20 [INFO] [/opt/proxmoxAPI/model/jumpserver.go:53] [{"id":"aee843fd-4576-4d1f-8ecf-32d45ce4b390","key":"1","value":"Default","org_id":"00000000-0000-0000-0000-000000000002","name":"Default","full_value":"/Default","org_name":"Default"},{"id":"f27506fc-324e-4109-b645-f7c226a4411e","key":"1:0","value":"IT系统及运维部","org_id":"00000000-0000-0000-0000-000000000002","name":"IT系统及运维部","full_value":"/Default/IT系统及运维部","org_name":"Default"},{"id":"bfddd070-d6b1-40f5-94ae-3eb82cbba3d8","key":"1:1","value":"人工智能中心","org_id":"00000000-0000-0000-0000-000000000002","name":"人工智能中心","full_value":"/Default/人工智能中心","org_name":"Default"},{"id":"eba92a2d-c3f2-47bd-9154-74b3902b9999","key":"1:3","value":"整机工程部","org_id":"00000000-0000-0000-0000-000000000002","name":"整机工程部","full_value":"/Default/整机工程部","org_name":"Default"},{"id":"0c14a7b6-ae93-46a6-8055-9cc6df93b36e","key":"1:4","value":"机械臂研发部","org_id":"00000000-0000-0000-0000-000000000002","name":"机械臂研发部","full_value":"/Default/机械臂研发部","org_name":"Default"},{"id":"ae46499f-9231-4767-83fd-83fb78e106eb","key":"1:2","value":"运动控制部","org_id":"00000000-0000-0000-0000-000000000002","name":"运动控制部","full_value":"/Default/运动控制部","org_name":"Default"}]
2023-02-27 16:32:20 [INFO] [/opt/proxmoxAPI/model/jumpserver.go:57] json: Unmarshal(non-pointer []model.JNode)
2023-02-27 16:36:52 [INFO] [/opt/proxmoxAPI/model/api.go:62] http://10.68.19.98/api/v1/assets/nodes/
2023-02-27 16:36:52 [INFO] [/opt/proxmoxAPI/model/jumpserver.go:53] [{"id":"aee843fd-4576-4d1f-8ecf-32d45ce4b390","key":"1","value":"Default","org_id":"00000000-0000-0000-0000-000000000002","name":"Default","full_value":"/Default","org_name":"Default"},{"id":"f27506fc-324e-4109-b645-f7c226a4411e","key":"1:0","value":"IT系统及运维部","org_id":"00000000-0000-0000-0000-000000000002","name":"IT系统及运维部","full_value":"/Default/IT系统及运维部","org_name":"Default"},{"id":"bfddd070-d6b1-40f5-94ae-3eb82cbba3d8","key":"1:1","value":"人工智能中心","org_id":"00000000-0000-0000-0000-000000000002","name":"人工智能中心","full_value":"/Default/人工智能中心","org_name":"Default"},{"id":"eba92a2d-c3f2-47bd-9154-74b3902b9999","key":"1:3","value":"整机工程部","org_id":"00000000-0000-0000-0000-000000000002","name":"整机工程部","full_value":"/Default/整机工程部","org_name":"Default"},{"id":"0c14a7b6-ae93-46a6-8055-9cc6df93b36e","key":"1:4","value":"机械臂研发部","org_id":"00000000-0000-0000-0000-000000000002","name":"机械臂研发部","full_value":"/Default/机械臂研发部","org_name":"Default"},{"id":"ae46499f-9231-4767-83fd-83fb78e106eb","key":"1:2","value":"运动控制部","org_id":"00000000-0000-0000-0000-000000000002","name":"运动控制部","full_value":"/Default/运动控制部","org_name":"Default"}]
2023-02-27 16:36:52 [INFO] [/opt/proxmoxAPI/model/jumpserver.go:60] Default
2023-02-27 16:36:52 [INFO] [/opt/proxmoxAPI/model/jumpserver.go:60] IT系统及运维部
2023-02-27 16:36:52 [INFO] [/opt/proxmoxAPI/model/jumpserver.go:60] 人工智能中心
2023-02-27 16:36:52 [INFO] [/opt/proxmoxAPI/model/jumpserver.go:60] 整机工程部
2023-02-27 16:36:52 [INFO] [/opt/proxmoxAPI/model/jumpserver.go:60] 机械臂研发部
2023-02-27 16:36:52 [INFO] [/opt/proxmoxAPI/model/jumpserver.go:60] 运动控制部
2023-02-27 16:55:34 [INFO] [/opt/proxmoxAPI/model/api.go:62] http://10.68.19.98/api/v1/assets/nodes/
2023-02-27 16:55:34 [INFO] [/opt/proxmoxAPI/main.go:47] Default
2023-02-27 16:55:34 [INFO] [/opt/proxmoxAPI/main.go:47] Default
2023-02-27 16:55:34 [INFO] [/opt/proxmoxAPI/main.go:47] Default
2023-02-27 16:55:34 [INFO] [/opt/proxmoxAPI/main.go:47] Default
2023-02-27 16:55:34 [INFO] [/opt/proxmoxAPI/main.go:47] Default
2023-02-27 16:55:34 [INFO] [/opt/proxmoxAPI/main.go:47] Default
2023-02-27 16:56:07 [INFO] [/opt/proxmoxAPI/model/api.go:62] http://10.68.19.98/api/v1/assets/nodes/
2023-02-27 16:56:07 [INFO] [/opt/proxmoxAPI/main.go:47] Default
2023-02-27 16:56:07 [INFO] [/opt/proxmoxAPI/main.go:47] IT系统及运维部
2023-02-27 16:56:07 [INFO] [/opt/proxmoxAPI/main.go:47] 人工智能中心
2023-02-27 16:56:07 [INFO] [/opt/proxmoxAPI/main.go:47] 整机工程部
2023-02-27 16:56:07 [INFO] [/opt/proxmoxAPI/main.go:47] 机械臂研发部
2023-02-27 16:56:07 [INFO] [/opt/proxmoxAPI/main.go:47] 运动控制部
2023-02-27 17:32:33 [INFO] [/opt/proxmoxAPI/model/api.go:62] http://10.68.19.98/api/v1/assets/nodes/
2023-02-27 17:32:33 [INFO] [/opt/proxmoxAPI/main.go:47] Default
2023-02-27 17:32:33 [INFO] [/opt/proxmoxAPI/main.go:47] IT系统及运维部
2023-02-27 17:32:33 [INFO] [/opt/proxmoxAPI/main.go:47] 人工智能中心
2023-02-27 17:32:33 [INFO] [/opt/proxmoxAPI/main.go:47] 整机工程部
2023-02-27 17:32:33 [INFO] [/opt/proxmoxAPI/main.go:47] 机械臂研发部
2023-02-27 17:32:33 [INFO] [/opt/proxmoxAPI/main.go:47] 运动控制部
